<?xml version="1.0" encoding="UTF-8" standalone="no"?>
<!DOCTYPE log SYSTEM "logger.dtd">
<log>
<record>
  <date>2019-06-28T08:14:40</date>
  <millis>1561727680243</millis>
  <sequence>0</sequence>
  <level>START</level>
  <class>com.kms.katalon.core.logging.XmlKeywordLogger</class>
  <method>startSuite</method>
  <thread>1</thread>
  <message>Start Test Suite : Test Suites/Comienzo</message>
  <nestedLevel>0</nestedLevel>
  <property name="name">Comienzo</property>
  <property name="description"></property>
  <property name="id">Test Suites/Comienzo</property>
</record>
<record>
  <date>2019-06-28T08:14:40</date>
  <millis>1561727680264</millis>
  <sequence>1</sequence>
  <level>RUN_DATA</level>
  <class>com.kms.katalon.core.logging.XmlKeywordLogger</class>
  <method>logMessage</method>
  <thread>1</thread>
  <message>hostName = admin - PE-HO-ATH-021.PERIFERIAGROUP.MS</message>
  <nestedLevel>0</nestedLevel>
  <property name="hostName">admin - PE-HO-ATH-021.PERIFERIAGROUP.MS</property>
</record>
<record>
  <date>2019-06-28T08:14:40</date>
  <millis>1561727680287</millis>
  <sequence>2</sequence>
  <level>RUN_DATA</level>
  <class>com.kms.katalon.core.logging.XmlKeywordLogger</class>
  <method>logMessage</method>
  <thread>1</thread>
  <message>os = Windows 10 64bit</message>
  <nestedLevel>0</nestedLevel>
  <property name="os">Windows 10 64bit</property>
</record>
<record>
  <date>2019-06-28T08:14:40</date>
  <millis>1561727680287</millis>
  <sequence>3</sequence>
  <level>RUN_DATA</level>
  <class>com.kms.katalon.core.logging.XmlKeywordLogger</class>
  <method>logMessage</method>
  <thread>1</thread>
  <message>hostAddress = 172.16.15.61</message>
  <nestedLevel>0</nestedLevel>
  <property name="hostAddress">172.16.15.61</property>
</record>
<record>
  <date>2019-06-28T08:14:40</date>
  <millis>1561727680289</millis>
  <sequence>4</sequence>
  <level>RUN_DATA</level>
  <class>com.kms.katalon.core.logging.XmlKeywordLogger</class>
  <method>logMessage</method>
  <thread>1</thread>
  <message>katalonVersion = 6.2.1.2</message>
  <nestedLevel>0</nestedLevel>
  <property name="katalonVersion">6.2.1.2</property>
</record>
<record>
  <date>2019-06-28T08:14:40</date>
  <millis>1561727680680</millis>
  <sequence>5</sequence>
  <level>START</level>
  <class>com.kms.katalon.core.logging.XmlKeywordLogger</class>
  <method>startTest</method>
  <thread>1</thread>
  <message>Start Test Case : Test Cases/Inicio</message>
  <nestedLevel>1</nestedLevel>
  <property name="name">Test Cases/Inicio</property>
  <property name="description"></property>
  <property name="id">Test Cases/Inicio</property>
  <property name="source">C:\\Users\\admin\\Katalon Studio\\TC - principal\\Test Cases\\Inicio.tc</property>
  <property name="tag"></property>
  <property name="isOptional">false</property>
</record>
<record>
  <date>2019-06-28T08:14:41</date>
  <millis>1561727681268</millis>
  <sequence>7</sequence>
  <level>START</level>
  <class>com.kms.katalon.core.logging.XmlKeywordLogger</class>
  <method>startKeyword</method>
  <thread>1</thread>
  <message>Start action : openBrowser(\&amp;quot;\&amp;quot;)</message>
  <nestedLevel>1</nestedLevel>
  <property name="startLine">17</property>
  <property name="stepIndex">1</property>
</record>
